{
  "RSpec": {
    "coverage": {
      "/Users/emilesilvis/Dropbox/Projects/p45/p45-rails/app/helpers/application_helper.rb": [
        1,
        null
      ],
      "/Users/emilesilvis/Dropbox/Projects/p45/p45-rails/app/helpers/games_helper.rb": [
        1,
        1,
        1,
        1,
        1,
        1,
        null,
        1,
        0,
        0,
        0,
        0,
        0,
        0,
        0,
        0,
        0,
        0,
        0,
        null,
        0,
        0,
        0,
        0,
        null,
        0,
        null,
        null,
        1,
        0,
        null,
        null,
        null
      ],
      "/Users/emilesilvis/Dropbox/Projects/p45/p45-rails/app/controllers/games_controller.rb": [
        1,
        1,
        1,
        null,
        null,
        1,
        0,
        null,
        null,
        1,
        5,
        5,
        3,
        3,
        null,
        2,
        null,
        null,
        null,
        1,
        1,
        1,
        1,
        null,
        null,
        1,
        0,
        0,
        0,
        null,
        null,
        1,
        1,
        1,
        1,
        null,
        null,
        1,
        null,
        1,
        16,
        null,
        null,
        null
      ],
      "/Users/emilesilvis/Dropbox/Projects/p45/p45-rails/app/controllers/application_controller.rb": [
        1,
        null,
        null,
        1,
        null
      ],
      "/Users/emilesilvis/Dropbox/Projects/p45/p45-rails/app/models/api/client.rb": [
        null,
        null,
        1,
        1,
        null,
        1,
        6,
        null,
        null,
        1,
        6,
        6,
        null,
        null,
        1,
        3,
        3,
        null,
        null,
        1,
        null,
        1,
        9,
        null,
        null,
        1,
        9,
        null,
        null,
        null,
        null
      ],
      "/Users/emilesilvis/Dropbox/Projects/p45/p45-rails/app/models/game_engine/board_setuper.rb": [
        1,
        1,
        null,
        1,
        1,
        null,
        1,
        7,
        7,
        7,
        null,
        null,
        1,
        7,
        7,
        7,
        35,
        49,
        null,
        null,
        7,
        7,
        null,
        null,
        1,
        null,
        1,
        7,
        2857,
        2857,
        2857,
        2857,
        2857,
        2857,
        2857,
        null,
        2808,
        null,
        null,
        null,
        null,
        null,
        null
      ],
      "/Users/emilesilvis/Dropbox/Projects/p45/p45-rails/app/models/game_engine/ship_factory.rb": [
        1,
        1,
        null,
        1,
        1,
        null,
        1,
        11,
        11,
        null,
        null,
        1,
        390,
        65,
        277,
        64,
        null,
        null,
        null,
        null
      ],
      "/Users/emilesilvis/Dropbox/Projects/p45/p45-rails/app/models/game_engine/ship.rb": [
        1,
        1,
        null,
        1,
        1,
        null,
        1,
        80,
        80,
        80,
        null,
        null,
        null,
        null
      ],
      "/Users/emilesilvis/Dropbox/Projects/p45/p45-rails/app/models/game_engine/board.rb": [
        1,
        1,
        null,
        1,
        1,
        null,
        1,
        null,
        1,
        47,
        47,
        47,
        47,
        47,
        null,
        null,
        1,
        2868,
        59,
        59,
        59,
        59,
        59,
        101,
        162,
        null,
        null,
        59,
        59,
        null,
        null,
        1,
        13,
        13,
        13,
        13,
        13,
        83,
        13,
        13,
        null,
        null,
        null,
        null
      ],
      "/Users/emilesilvis/Dropbox/Projects/p45/p45-rails/app/models/game_engine/placement_validator.rb": [
        1,
        1,
        null,
        1,
        2876,
        null,
        2875,
        null,
        1849,
        1849,
        1849,
        1849,
        null,
        76,
        76,
        76,
        76,
        76,
        76,
        134,
        227,
        null,
        null,
        76,
        2419,
        null,
        76,
        null,
        null,
        1,
        15,
        14,
        null,
        null,
        null,
        null
      ],
      "/Users/emilesilvis/Dropbox/Projects/p45/p45-rails/app/models/game_engine/atom.rb": [
        1,
        1,
        null,
        1,
        null,
        1,
        162,
        162,
        162,
        null,
        null,
        null,
        null
      ],
      "/Users/emilesilvis/Dropbox/Projects/p45/p45-rails/app/models/game_engine/grid.rb": [
        1,
        1,
        null,
        1,
        6,
        null,
        null,
        1,
        66,
        6,
        10,
        26,
        null,
        null,
        6,
        6,
        null,
        6,
        3,
        null,
        6,
        null,
        null,
        null,
        null
      ],
      "/Users/emilesilvis/Dropbox/Projects/p45/p45-rails/app/models/game.rb": [
        1,
        1,
        1,
        1,
        null,
        1,
        1,
        null,
        1,
        3,
        3,
        null,
        3,
        3,
        null,
        null,
        null,
        3,
        3,
        null,
        3,
        null,
        3,
        null,
        3,
        null,
        null,
        1,
        null,
        null,
        0,
        null,
        null,
        null,
        null,
        null,
        null,
        null,
        0,
        null,
        null,
        0,
        null,
        0,
        null,
        0,
        null,
        null,
        null
      ],
      "/Users/emilesilvis/Dropbox/Projects/p45/p45-rails/app/models/game_engine/salvo.rb": [
        1,
        1,
        null,
        1,
        null,
        null,
        null
      ],
      "/Users/emilesilvis/Dropbox/Projects/p45/p45-rails/app/models/game_engine/hit.rb": [
        1,
        1,
        null,
        1,
        null,
        1,
        9,
        9,
        null,
        null,
        null,
        null
      ]
    },
    "timestamp": 1411038695
  }
}
